Command line:
   mux_tb_isim_beh.exe
     -simmode  gui
     -simrunnum  0
     -socket  52975

Thu Apr 13 13:54:13 2017


 Elaboration Time: 0.03125 sec

 Current Memory Usage: 843.514 Meg

 Total Signals          : 8
 Total Nets             : 97
 Total Signal Drivers   : 4
 Total Blocks           : 3
 Total Primitive Blocks : 2
 Total Processes        : 2
 Total Traceable Variables  : 8
 Total Scalar Nets and Variables : 457
Total Line Count : 8

 Total Simulation Time: 0.046875 sec

 Current Memory Usage: 843.514 Meg

Thu Apr 13 13:54:31 2017

