Command line:
   rf_tb_isim_beh.exe
     -simmode  gui
     -simrunnum  0
     -socket  59117

Sat Apr 08 12:56:34 2017


 Elaboration Time: 0.03125 sec

 Current Memory Usage: 843.612 Meg

 Total Signals          : 15
 Total Nets             : 1392
 Total Signal Drivers   : 7
 Total Blocks           : 5
 Total Primitive Blocks : 4
 Total Processes        : 2
 Total Traceable Variables  : 10
 Total Scalar Nets and Variables : 1770
Total Line Count : 13

 Total Simulation Time: 0.03125 sec

 Current Memory Usage: 843.612 Meg

Sat Apr 08 12:56:45 2017

