Command line:
   tceprocesador4_isim_beh.exe
     -simmode  gui
     -simrunnum  1
     -socket  52759

Thu May 04 14:44:32 2017


 Elaboration Time: 0.046875 sec

 Current Memory Usage: 847.954 Meg

 Total Signals          : 88
 Total Nets             : 2725
 Total Signal Drivers   : 25
 Total Blocks           : 19
 Total Primitive Blocks : 17
 Total Processes        : 18
 Total Traceable Variables  : 16
 Total Scalar Nets and Variables : 3227
Total Line Count : 160

 Total Simulation Time: 0.1875 sec

 Current Memory Usage: 847.954 Meg

Thu May 04 14:44:58 2017

