Command line:
   pc_tb_isim_beh.exe
     -simmode  gui
     -simrunnum  0
     -socket  56562

Tue Apr 11 20:03:14 2017


 Elaboration Time: 0.0625 sec

 Current Memory Usage: 844.005 Meg

 Total Signals          : 8
 Total Nets             : 66
 Total Signal Drivers   : 4
 Total Blocks           : 3
 Total Primitive Blocks : 2
 Total Processes        : 3
 Total Traceable Variables  : 9
 Total Scalar Nets and Variables : 427
Total Line Count : 19

 Total Simulation Time: 0.3125 sec

 Current Memory Usage: 686.719 Meg

Tue Apr 11 20:07:05 2017

