Command line:
   alu_tb_isim_beh.exe
     -simmode  gui
     -simrunnum  0
     -socket  50654

Sat Apr 08 16:48:12 2017


 Elaboration Time: 0.046875 sec

 Current Memory Usage: 844.227 Meg

 Total Signals          : 8
 Total Nets             : 102
 Total Signal Drivers   : 4
 Total Blocks           : 6
 Total Primitive Blocks : 5
 Total Processes        : 2
 Total Traceable Variables  : 15
 Total Scalar Nets and Variables : 603
Total Line Count : 20

 Total Simulation Time: 0.078125 sec

 Current Memory Usage: 686.94 Meg

Sat Apr 08 16:50:23 2017

